\BOOKMARK [2][]{Outline0.1}{\376\377\000I\000n\000t\000r\000o\000d\000u\000c\000t\000i\000o\000n}{}% 1
\BOOKMARK [2][]{Outline0.2}{\376\377\000T\000h\000e\000\040\000T\000h\000r\000e\000e\000\040\000L\000e\000a\000r\000n\000i\000n\000g\000\040\000P\000a\000r\000a\000d\000i\000g\000m\000s}{}% 2
\BOOKMARK [2][]{Outline0.3}{\376\377\000S\000u\000p\000e\000r\000v\000i\000s\000e\000d\000\040\000L\000e\000a\000r\000n\000i\000n\000g}{}% 3
\BOOKMARK [2][]{Outline0.4}{\376\377\000U\000n\000s\000u\000p\000e\000r\000v\000i\000s\000e\000d\000\040\000L\000e\000a\000r\000n\000i\000n\000g}{}% 4
\BOOKMARK [2][]{Outline0.5}{\376\377\000R\000e\000i\000n\000f\000o\000r\000c\000e\000m\000e\000n\000t\000\040\000L\000e\000a\000r\000n\000i\000n\000g}{}% 5
\BOOKMARK [2][]{Outline0.6}{\376\377\000D\000a\000t\000a\000\040\000R\000e\000p\000r\000e\000s\000e\000n\000t\000a\000t\000i\000o\000n}{}% 6
\BOOKMARK [2][]{Outline0.7}{\376\377\000T\000h\000e\000\040\000L\000e\000a\000r\000n\000i\000n\000g\000\040\000P\000r\000o\000c\000e\000s\000s}{}% 7
\BOOKMARK [2][]{Outline0.8}{\376\377\000F\000o\000r\000m\000a\000l\000\040\000D\000e\000f\000i\000n\000i\000t\000i\000o\000n}{}% 8
\BOOKMARK [2][]{Outline0.9}{\376\377\000T\000h\000r\000e\000e\000\040\000A\000p\000p\000r\000o\000a\000c\000h\000e\000s\000\040\000t\000o\000\040\000P\000r\000e\000d\000i\000c\000t\000i\000o\000n}{}% 9
\BOOKMARK [2][]{Outline0.10}{\376\377\000P\000r\000o\000b\000a\000b\000i\000l\000i\000s\000t\000i\000c\000\040\000F\000r\000a\000m\000e\000w\000o\000r\000k}{}% 10
\BOOKMARK [2][]{Outline0.11}{\376\377\000L\000o\000s\000s\000\040\000F\000u\000n\000c\000t\000i\000o\000n\000\040\000a\000n\000d\000\040\000R\000i\000s\000k}{}% 11
\BOOKMARK [2][]{Outline0.12}{\376\377\000E\000m\000p\000i\000r\000i\000c\000a\000l\000\040\000R\000i\000s\000k\000\040\000M\000i\000n\000i\000m\000i\000s\000a\000t\000i\000o\000n}{}% 12
\BOOKMARK [2][]{Outline0.13}{\376\377\000I\000n\000d\000u\000c\000t\000i\000v\000e\000\040\000B\000i\000a\000s\000,\000\040\000O\000v\000e\000r\000f\000i\000t\000t\000i\000n\000g\000,\000\040\000a\000n\000d\000\040\000U\000n\000d\000e\000r\000f\000i\000t\000t\000i\000n\000g}{}% 13
\BOOKMARK [2][]{Outline0.14}{\376\377\000B\000i\000a\000s\000\040\000a\000n\000d\000\040\000V\000a\000r\000i\000a\000n\000c\000e}{}% 14
\BOOKMARK [2][]{Outline0.15}{\376\377\000C\000o\000m\000p\000u\000t\000a\000t\000i\000o\000n\000a\000l\000\040\000C\000o\000n\000s\000i\000d\000e\000r\000a\000t\000i\000o\000n\000s}{}% 15
\BOOKMARK [2][]{Outline0.16}{\376\377\000S\000u\000m\000m\000a\000r\000y}{}% 16
\BOOKMARK [2][]{Outline0.17}{\376\377\000I\000n\000t\000r\000o\000d\000u\000c\000t\000i\000o\000n\000\040\000t\000o\000\040\000S\000L\000T}{}% 17
\BOOKMARK [2][]{Outline0.18}{\376\377\000F\000i\000n\000i\000t\000e\000\040\000H\000y\000p\000o\000t\000h\000e\000s\000i\000s\000\040\000C\000l\000a\000s\000s\000e\000s\000\040\000u\000n\000d\000e\000r\000\040\000R\000e\000a\000l\000i\000z\000a\000b\000i\000l\000i\000t\000y}{}% 18
\BOOKMARK [2][]{Outline0.19}{\376\377\000P\000A\000C\000\040\000L\000e\000a\000r\000n\000i\000n\000g}{}% 19
\BOOKMARK [2][]{Outline0.20}{\376\377\000R\000e\000p\000r\000e\000s\000e\000n\000t\000a\000t\000i\000v\000e\000\040\000S\000a\000m\000p\000l\000e\000s\000\040\000a\000n\000d\000\040\000U\000n\000i\000f\000o\000r\000m\000\040\000C\000o\000n\000v\000e\000r\000g\000e\000n\000c\000e}{}% 20
\BOOKMARK [2][]{Outline0.21}{\376\377\000P\000A\000C\000\040\000L\000e\000a\000r\000n\000a\000b\000i\000l\000i\000t\000y\000\040\000o\000f\000\040\000F\000i\000n\000i\000t\000e\000\040\000C\000l\000a\000s\000s\000e\000s}{}% 21
\BOOKMARK [2][]{Outline0.22}{\376\377\000T\000h\000e\000\040\000N\000o\000-\000F\000r\000e\000e\000-\000L\000u\000n\000c\000h\000\040\000T\000h\000e\000o\000r\000e\000m}{}% 22
\BOOKMARK [2][]{Outline0.23}{\376\377\000B\000i\000a\000s\040\023\000C\000o\000m\000p\000l\000e\000x\000i\000t\000y\000\040\000T\000r\000a\000d\000e\000o\000f\000f}{}% 23
\BOOKMARK [2][]{Outline0.24}{\376\377\000V\000C\000\040\000D\000i\000m\000e\000n\000s\000i\000o\000n}{}% 24
\BOOKMARK [2][]{Outline0.25}{\376\377\000S\000u\000m\000m\000a\000r\000y}{}% 25
\BOOKMARK [2][]{Outline0.26}{\376\377\000L\000o\000s\000s\000\040\000F\000u\000n\000c\000t\000i\000o\000n\000s}{}% 26
\BOOKMARK [2][]{Outline0.27}{\376\377\000O\000p\000t\000i\000m\000i\000s\000a\000t\000i\000o\000n\000\040\000o\000f\000\040\000t\000h\000e\000\040\000L\000o\000s\000s}{}% 27
\BOOKMARK [2][]{Outline0.28}{\376\377\000G\000r\000a\000d\000i\000e\000n\000t\000\040\000D\000e\000s\000c\000e\000n\000t}{}% 28
\BOOKMARK [2][]{Outline0.29}{\376\377\000C\000o\000n\000v\000e\000x\000i\000t\000y}{}% 29
\BOOKMARK [2][]{Outline0.30}{\376\377\000C\000o\000m\000m\000o\000n\000\040\000L\000o\000s\000s\000\040\000F\000u\000n\000c\000t\000i\000o\000n\000s\000\040\000f\000o\000r\000\040\000R\000e\000g\000r\000e\000s\000s\000i\000o\000n}{}% 30
\BOOKMARK [2][]{Outline0.31}{\376\377\000L\000o\000s\000s\000\040\000F\000u\000n\000c\000t\000i\000o\000n\000s\000\040\000f\000o\000r\000\040\000C\000l\000a\000s\000s\000i\000f\000i\000c\000a\000t\000i\000o\000n}{}% 31
\BOOKMARK [2][]{Outline0.32}{\376\377\000S\000u\000b\000g\000r\000a\000d\000i\000e\000n\000t\000s}{}% 32
\BOOKMARK [2][]{Outline0.33}{\376\377\000L\000o\000g\000\040\000L\000o\000s\000s\000\040\000a\000n\000d\000\040\000I\000n\000f\000o\000r\000m\000a\000t\000i\000o\000n\000\040\000T\000h\000e\000o\000r\000y}{}% 33
\BOOKMARK [2][]{Outline0.34}{\376\377\000E\000x\000p\000o\000n\000e\000n\000t\000i\000a\000l\000\040\000L\000o\000s\000s}{}% 34
\BOOKMARK [2][]{Outline0.35}{\376\377\000S\000t\000o\000c\000h\000a\000s\000t\000i\000c\000\040\000G\000r\000a\000d\000i\000e\000n\000t\000\040\000D\000e\000s\000c\000e\000n\000t}{}% 35
\BOOKMARK [2][]{Outline0.36}{\376\377\000S\000u\000m\000m\000a\000r\000y}{}% 36
